<?xml version="1.0" encoding="UTF-8"?>
<testsuites>
  <testsuite name="CodeIgniter Application Test Suite" tests="63" assertions="131" failures="5" errors="0" time="0.812520">
    <testsuite name="My_projekti_test" file="/home/codio/workspace/r2projekti/application/tests/controllers/My_projekti_test.php" tests="45" assertions="112" failures="1" errors="0" time="0.650651">
      <testcase name="test_APPPATH" class="My_projekti_test" file="/home/codio/workspace/r2projekti/application/tests/controllers/My_projekti_test.php" line="21" assertions="1" time="0.000829"/>
      <testcase name="test_404" class="My_projekti_test" file="/home/codio/workspace/r2projekti/application/tests/controllers/My_projekti_test.php" line="35" assertions="1" time="0.012284"/>
      <testcase name="test_404_2" class="My_projekti_test" file="/home/codio/workspace/r2projekti/application/tests/controllers/My_projekti_test.php" line="44" assertions="1" time="0.012862"/>
      <testcase name="test_index_by_function" class="My_projekti_test" file="/home/codio/workspace/r2projekti/application/tests/controllers/My_projekti_test.php" line="53" assertions="2" time="0.012707"/>
      <testcase name="test_index_by_uri" class="My_projekti_test" file="/home/codio/workspace/r2projekti/application/tests/controllers/My_projekti_test.php" line="63" assertions="2" time="0.012990"/>
      <testcase name="test_booklist_by_uri" class="My_projekti_test" file="/home/codio/workspace/r2projekti/application/tests/controllers/My_projekti_test.php" line="73" assertions="3" time="0.017332"/>
      <testcase name="test_bookview_by_null_uri" class="My_projekti_test" file="/home/codio/workspace/r2projekti/application/tests/controllers/My_projekti_test.php" line="87" assertions="3" time="0.012806"/>
      <testcase name="test_bookview_by_valid_uri" class="My_projekti_test" file="/home/codio/workspace/r2projekti/application/tests/controllers/My_projekti_test.php" line="101" assertions="3" time="0.018119"/>
      <testcase name="test_bookview_by_invalid_uri" class="My_projekti_test" file="/home/codio/workspace/r2projekti/application/tests/controllers/My_projekti_test.php" line="115" assertions="3" time="0.012753"/>
      <testcase name="test_bookview_by_unused_uri" class="My_projekti_test" file="/home/codio/workspace/r2projekti/application/tests/controllers/My_projekti_test.php" line="129" assertions="3" time="0.013334"/>
      <testcase name="test_bookview_by_malformed_uri" class="My_projekti_test" file="/home/codio/workspace/r2projekti/application/tests/controllers/My_projekti_test.php" line="143" assertions="3" time="0.012909"/>
      <testcase name="test_bookview_by_valid_uri_with_commentlist" class="My_projekti_test" file="/home/codio/workspace/r2projekti/application/tests/controllers/My_projekti_test.php" line="157" assertions="3" time="0.017896"/>
      <testcase name="test_bookview_by_valid_uri_with_reviews" class="My_projekti_test" file="/home/codio/workspace/r2projekti/application/tests/controllers/My_projekti_test.php" line="171" assertions="3" time="0.017791"/>
      <testcase name="test_bookview_by_valid_uri_with_collections" class="My_projekti_test" file="/home/codio/workspace/r2projekti/application/tests/controllers/My_projekti_test.php" line="185" assertions="3" time="0.017877"/>
      <testcase name="test_bookview_by_valid_uri_no_commentig_without_login" class="My_projekti_test" file="/home/codio/workspace/r2projekti/application/tests/controllers/My_projekti_test.php" line="199" assertions="3" time="0.018407"/>
      <testcase name="test_review_by_null_uri" class="My_projekti_test" file="/home/codio/workspace/r2projekti/application/tests/controllers/My_projekti_test.php" line="215" assertions="3" time="0.013024"/>
      <testcase name="test_review_by_valid_uri" class="My_projekti_test" file="/home/codio/workspace/r2projekti/application/tests/controllers/My_projekti_test.php" line="229" assertions="3" time="0.016589"/>
      <testcase name="test_review_by_valid_uri_with_commentlist" class="My_projekti_test" file="/home/codio/workspace/r2projekti/application/tests/controllers/My_projekti_test.php" line="243" assertions="3" time="0.016482"/>
      <testcase name="test_review_by_valid_uri_no_commenting_without_login" class="My_projekti_test" file="/home/codio/workspace/r2projekti/application/tests/controllers/My_projekti_test.php" line="257" assertions="3" time="0.016519"/>
      <testcase name="test_review_by_invalid_uri" class="My_projekti_test" file="/home/codio/workspace/r2projekti/application/tests/controllers/My_projekti_test.php" line="272" assertions="3" time="0.012883"/>
      <testcase name="test_review_by_unused_uri" class="My_projekti_test" file="/home/codio/workspace/r2projekti/application/tests/controllers/My_projekti_test.php" line="286" assertions="3" time="0.013344"/>
      <testcase name="test_review_by_malformed_uri" class="My_projekti_test" file="/home/codio/workspace/r2projekti/application/tests/controllers/My_projekti_test.php" line="300" assertions="3" time="0.012941"/>
      <testcase name="test_userview_by_null_uri" class="My_projekti_test" file="/home/codio/workspace/r2projekti/application/tests/controllers/My_projekti_test.php" line="314" assertions="3" time="0.012805"/>
      <testcase name="test_userview_by_valid_uri" class="My_projekti_test" file="/home/codio/workspace/r2projekti/application/tests/controllers/My_projekti_test.php" line="328" assertions="3" time="0.018894"/>
      <testcase name="test_userview_by_invalid_uri" class="My_projekti_test" file="/home/codio/workspace/r2projekti/application/tests/controllers/My_projekti_test.php" line="342" assertions="3" time="0.012880"/>
      <testcase name="test_userview_by_unused_uri" class="My_projekti_test" file="/home/codio/workspace/r2projekti/application/tests/controllers/My_projekti_test.php" line="356" assertions="3" time="0.013290"/>
      <testcase name="test_userview_by_malformed_uri" class="My_projekti_test" file="/home/codio/workspace/r2projekti/application/tests/controllers/My_projekti_test.php" line="370" assertions="3" time="0.013147"/>
      <testcase name="test_userview_by_valid_uri_with_commentlist" class="My_projekti_test" file="/home/codio/workspace/r2projekti/application/tests/controllers/My_projekti_test.php" line="384" assertions="3" time="0.018715"/>
      <testcase name="test_userview_by_valid_uri_with_collections" class="My_projekti_test" file="/home/codio/workspace/r2projekti/application/tests/controllers/My_projekti_test.php" line="398" assertions="3" time="0.018579"/>
      <testcase name="test_userview_by_valid_uri_no_commenting_without_login" class="My_projekti_test" file="/home/codio/workspace/r2projekti/application/tests/controllers/My_projekti_test.php" line="412" assertions="3" time="0.019201"/>
      <testcase name="test_collectionview_by_null_uri" class="My_projekti_test" file="/home/codio/workspace/r2projekti/application/tests/controllers/My_projekti_test.php" line="428" assertions="3" time="0.014375"/>
      <testcase name="test_collectionview_by_valid_uri" class="My_projekti_test" file="/home/codio/workspace/r2projekti/application/tests/controllers/My_projekti_test.php" line="442" assertions="3" time="0.016444"/>
      <testcase name="test_collectionview_by_invalid_uri" class="My_projekti_test" file="/home/codio/workspace/r2projekti/application/tests/controllers/My_projekti_test.php" line="456" assertions="3" time="0.013551"/>
      <testcase name="test_collectionview_by_unused_uri" class="My_projekti_test" file="/home/codio/workspace/r2projekti/application/tests/controllers/My_projekti_test.php" line="470" assertions="3" time="0.013642"/>
      <testcase name="test_collectionview_by_malformed_uri" class="My_projekti_test" file="/home/codio/workspace/r2projekti/application/tests/controllers/My_projekti_test.php" line="484" assertions="3" time="0.012966"/>
      <testcase name="test_login_by_uri" class="My_projekti_test" file="/home/codio/workspace/r2projekti/application/tests/controllers/My_projekti_test.php" line="498" assertions="3" time="0.019557"/>
      <testcase name="test_profile_edit_by_uri_without_login" class="My_projekti_test" file="/home/codio/workspace/r2projekti/application/tests/controllers/My_projekti_test.php" line="512" assertions="3" time="0.013549"/>
      <testcase name="test_registering_by_uri_without_login" class="My_projekti_test" file="/home/codio/workspace/r2projekti/application/tests/controllers/My_projekti_test.php" line="526" assertions="2" time="0.014795">
        <failure type="PHPUnit_Framework_ExpectationFailedException">My_projekti_test::test_registering_by_uri_without_login
Failed asserting that '
A PHP Error was encountered

Severity:    Warning
Message:     Cannot modify header information - headers already sent by (output started at phar:///home/codio/workspace/r2projekti/application/tests/phpunit.phar/phpunit/Util/Printer.php:134)
Filename:    /home/codio/workspace/r2projekti/application/third_party/community_auth/core/Auth_Controller.php
Line Number: 81

Backtrace:
	File: /home/codio/workspace/r2projekti/application/third_party/community_auth/core/Auth_Controller.php
	Line: 81
	Function: header

	File: /home/codio/workspace/r2projekti/application/core/MY_Controller.php
	Line: 25
	Function: __construct

	File: /home/codio/workspace/r2projekti/application/controllers/My_projekti.php
	Line: 7
	Function: __construct

	File: /home/codio/workspace/r2projekti/application/controllers/Register.php
	Line: 10
	Function: __construct

	File: /home/codio/workspace/r2projekti/application/tests/_ci_phpunit_test/CIPHPUnitTestRequest.php
	Line: 292
	Function: __construct

	File: /home/codio/workspace/r2projekti/application/tests/_ci_phpunit_test/CIPHPUnitTestRequest.php
	Line: 254
	Function: createAndCallController

	File: /home/codio/workspace/r2projekti/application/tests/_ci_phpunit_test/CIPHPUnitTestRequest.php
	Line: 130
	Function: requestUri

	File: /home/codio/workspace/r2projekti/application/tests/_ci_phpunit_test/CIPHPUnitTestCase.php
	Line: 106
	Function: request

	File: /home/codio/workspace/r2projekti/application/tests/controllers/My_projekti_test.php
	Line: 528
	Function: request

	File: phar:///home/codio/workspace/r2projekti/application/tests/phpunit.phar/phpunit/Framework/TestCase.php
	Line: 909
	Function: invokeArgs

	File: phar:///home/codio/workspace/r2projekti/application/tests/phpunit.phar/phpunit/Framework/TestCase.php
	Line: 768
	Function: runTest

	File: phar:///home/codio/workspace/r2projekti/application/tests/phpunit.phar/phpunit/Framework/TestResult.php
	Line: 612
	Function: runBare

	File: phar:///home/codio/workspace/r2projekti/application/tests/phpunit.phar/phpunit/Framework/TestCase.php
	Line: 724
	Function: run

	File: phar:///home/codio/workspace/r2projekti/application/tests/phpunit.phar/phpunit/Framework/TestSuite.php
	Line: 747
	Function: run

	File: phar:///home/codio/workspace/r2projekti/application/tests/phpunit.phar/phpunit/Framework/TestSuite.php
	Line: 747
	Function: run

	File: phar:///home/codio/workspace/r2projekti/application/tests/phpunit.phar/phpunit/TextUI/TestRunner.php
	Line: 440
	Function: run

	File: phar:///home/codio/workspace/r2projekti/application/tests/phpunit.phar/phpunit/TextUI/Command.php
	Line: 149
	Function: doRun

	File: phar:///home/codio/workspace/r2projekti/application/tests/phpunit.phar/phpunit/TextUI/Command.php
	Line: 100
	Function: run

	File: /home/codio/workspace/r2projekti/application/tests/phpunit.phar
	Line: 545
	Function: main



A PHP Error was encountered

Severity:    Warning
Message:     Cannot modify header information - headers already sent by (output started at phar:///home/codio/workspace/r2projekti/application/tests/phpunit.phar/phpunit/Util/Printer.php:134)
Filename:    /home/codio/workspace/r2projekti/application/third_party/community_auth/core/Auth_Controller.php
Line Number: 82

Backtrace:
	File: /home/codio/workspace/r2projekti/application/third_party/community_auth/core/Auth_Controller.php
	Line: 82
	Function: header

	File: /home/codio/workspace/r2projekti/application/core/MY_Controller.php
	Line: 25
	Function: __construct

	File: /home/codio/workspace/r2projekti/application/controllers/My_projekti.php
	Line: 7
	Function: __construct

	File: /home/codio/workspace/r2projekti/application/controllers/Register.php
	Line: 10
	Function: __construct

	File: /home/codio/workspace/r2projekti/application/tests/_ci_phpunit_test/CIPHPUnitTestRequest.php
	Line: 292
	Function: __construct

	File: /home/codio/workspace/r2projekti/application/tests/_ci_phpunit_test/CIPHPUnitTestRequest.php
	Line: 254
	Function: createAndCallController

	File: /home/codio/workspace/r2projekti/application/tests/_ci_phpunit_test/CIPHPUnitTestRequest.php
	Line: 130
	Function: requestUri

	File: /home/codio/workspace/r2projekti/application/tests/_ci_phpunit_test/CIPHPUnitTestCase.php
	Line: 106
	Function: request

	File: /home/codio/workspace/r2projekti/application/tests/controllers/My_projekti_test.php
	Line: 528
	Function: request

	File: phar:///home/codio/workspace/r2projekti/application/tests/phpunit.phar/phpunit/Framework/TestCase.php
	Line: 909
	Function: invokeArgs

	File: phar:///home/codio/workspace/r2projekti/application/tests/phpunit.phar/phpunit/Framework/TestCase.php
	Line: 768
	Function: runTest

	File: phar:///home/codio/workspace/r2projekti/application/tests/phpunit.phar/phpunit/Framework/TestResult.php
	Line: 612
	Function: runBare

	File: phar:///home/codio/workspace/r2projekti/application/tests/phpunit.phar/phpunit/Framework/TestCase.php
	Line: 724
	Function: run

	File: phar:///home/codio/workspace/r2projekti/application/tests/phpunit.phar/phpunit/Framework/TestSuite.php
	Line: 747
	Function: run

	File: phar:///home/codio/workspace/r2projekti/application/tests/phpunit.phar/phpunit/Framework/TestSuite.php
	Line: 747
	Function: run

	File: phar:///home/codio/workspace/r2projekti/application/tests/phpunit.phar/phpunit/TextUI/TestRunner.php
	Line: 440
	Function: run

	File: phar:///home/codio/workspace/r2projekti/application/tests/phpunit.phar/phpunit/TextUI/Command.php
	Line: 149
	Function: doRun

	File: phar:///home/codio/workspace/r2projekti/application/tests/phpunit.phar/phpunit/TextUI/Command.php
	Line: 100
	Function: run

	File: /home/codio/workspace/r2projekti/application/tests/phpunit.phar
	Line: 545
	Function: main



A PHP Error was encountered

Severity:    Warning
Message:     Cannot modify header information - headers already sent by (output started at phar:///home/codio/workspace/r2projekti/application/tests/phpunit.phar/phpunit/Util/Printer.php:134)
Filename:    /home/codio/workspace/r2projekti/application/third_party/community_auth/core/Auth_Controller.php
Line Number: 83

Backtrace:
	File: /home/codio/workspace/r2projekti/application/third_party/community_auth/core/Auth_Controller.php
	Line: 83
	Function: header

	File: /home/codio/workspace/r2projekti/application/core/MY_Controller.php
	Line: 25
	Function: __construct

	File: /home/codio/workspace/r2projekti/application/controllers/My_projekti.php
	Line: 7
	Function: __construct

	File: /home/codio/workspace/r2projekti/application/controllers/Register.php
	Line: 10
	Function: __construct

	File: /home/codio/workspace/r2projekti/application/tests/_ci_phpunit_test/CIPHPUnitTestRequest.php
	Line: 292
	Function: __construct

	File: /home/codio/workspace/r2projekti/application/tests/_ci_phpunit_test/CIPHPUnitTestRequest.php
	Line: 254
	Function: createAndCallController

	File: /home/codio/workspace/r2projekti/application/tests/_ci_phpunit_test/CIPHPUnitTestRequest.php
	Line: 130
	Function: requestUri

	File: /home/codio/workspace/r2projekti/application/tests/_ci_phpunit_test/CIPHPUnitTestCase.php
	Line: 106
	Function: request

	File: /home/codio/workspace/r2projekti/application/tests/controllers/My_projekti_test.php
	Line: 528
	Function: request

	File: phar:///home/codio/workspace/r2projekti/application/tests/phpunit.phar/phpunit/Framework/TestCase.php
	Line: 909
	Function: invokeArgs

	File: phar:///home/codio/workspace/r2projekti/application/tests/phpunit.phar/phpunit/Framework/TestCase.php
	Line: 768
	Function: runTest

	File: phar:///home/codio/workspace/r2projekti/application/tests/phpunit.phar/phpunit/Framework/TestResult.php
	Line: 612
	Function: runBare

	File: phar:///home/codio/workspace/r2projekti/application/tests/phpunit.phar/phpunit/Framework/TestCase.php
	Line: 724
	Function: run

	File: phar:///home/codio/workspace/r2projekti/application/tests/phpunit.phar/phpunit/Framework/TestSuite.php
	Line: 747
	Function: run

	File: phar:///home/codio/workspace/r2projekti/application/tests/phpunit.phar/phpunit/Framework/TestSuite.php
	Line: 747
	Function: run

	File: phar:///home/codio/workspace/r2projekti/application/tests/phpunit.phar/phpunit/TextUI/TestRunner.php
	Line: 440
	Function: run

	File: phar:///home/codio/workspace/r2projekti/application/tests/phpunit.phar/phpunit/TextUI/Command.php
	Line: 149
	Function: doRun

	File: phar:///home/codio/workspace/r2projekti/application/tests/phpunit.phar/phpunit/TextUI/Command.php
	Line: 100
	Function: run

	File: /home/codio/workspace/r2projekti/application/tests/phpunit.phar
	Line: 545
	Function: main


&lt;!DOCTYPE html&gt;
&lt;html lang="en"&gt;
&lt;head&gt;
    &lt;title&gt;Virtual Bookshelf&lt;/title&gt;
	&lt;link rel="stylesheet" type="text/css" href="../../../css/global.css" &gt;
	&lt;link rel="stylesheet" type="text/css" href="../../../bs/css/bootstrap.css" &gt;
	&lt;link rel="stylesheet" type="text/css" href="../../../bs/css/bootstrap-theme.css" &gt;
	&lt;!-- Project helper functions. --&gt;
	&lt;script type="text/javascript" src="../../../js/r2p.js"&gt;&lt;/script&gt;
&lt;/head&gt;
&lt;body&gt;
	&lt;div class="container white-div clear-top"&gt;
		&lt;div class="row"&gt;
			&lt;header&gt;
				&lt;a href="https://vital-minimum.codio.io:9500/"&gt;&lt;img id="logo" class="center-block img-responsive" src="../../../img/virtual_bookshelf.png" alt="Virtual Bookshelf Website Logo" width="589" height="69"&gt;&lt;/a&gt;
				&lt;nav class="navbar navbar-inverse"&gt;
					&lt;ul class="nav navbar-nav"&gt;
						&lt;li&gt;&lt;a href="https://vital-minimum.codio.io:9500/"&gt;Home&lt;/a&gt;&lt;/li&gt;
						&lt;li&gt;&lt;a href="https://vital-minimum.codio.io:9500/index.php/booklist"&gt;Books&lt;/a&gt;&lt;/li&gt;
						&lt;!-- Unimplemented: &lt;li&gt;&lt;a href="https://vital-minimum.codio.io:9500/index.php/booksearch"&gt;Search Books&lt;/a&gt;&lt;/li&gt; --&gt;
						&lt;li&gt;&lt;a href="https://vital-minimum.codio.io:9500/index.php/userlist"&gt;Users&lt;/a&gt;&lt;/li&gt;
					&lt;/ul&gt;

					&lt;ul class="nav navbar-nav navbar-right" &gt; 
						&lt;li&gt;&lt;a href="https://vital-minimum.codio.io:9500/index.php/register"&gt;&lt;span class="glyphicon glyphicon-user"&gt;&lt;/span&gt; Register&lt;/a&gt;&lt;/li&gt;&lt;li&gt;&lt;a href="https://vital-minimum.codio.io:9500/index.php/login"&gt;&lt;span class="glyphicon glyphicon-log-in"&gt;&lt;/span&gt; Login&lt;/a&gt;&lt;/li&gt;					&lt;/ul&gt;
				&lt;/nav&gt;
			&lt;/header&gt;
		&lt;/div&gt;
	
	&lt;div class="row main-content"&gt;
		&lt;section&gt;
&lt;h1 class="first-content-element"&gt;Register an Account&lt;/h1&gt;	&lt;form accept-charset="UTF-8" class="std-form form-horizontal" action="https://vital-minimum.codio.io:9500/index.php/register" method="POST"&gt;

		&lt;div class="form-group required"&gt;
			&lt;label for="reg_name" class="control-label col-md-2 required"&gt;Login Name&lt;/label&gt;
			&lt;div class="col-md-3"&gt;
				&lt;input type="text" class="form-control" id="reg_name" name="reg_name"  placeholder="Secret Login Name" autocomplete="off" maxlength="128" required&gt;
			&lt;/div&gt;
		&lt;/div&gt;
		

		&lt;div class="form-group required"&gt;
			&lt;label for="reg_pass" class="control-label col-md-2 required"&gt;Password&lt;/label&gt;
			&lt;div class="col-md-3"&gt;
				&lt;input type="password" class="form-control" id="reg_pass" name="reg_pass"  required maxlength="512" autocomplete="off" onfocus="this.removeAttribute('readonly');"&gt;
			&lt;/div&gt;
		&lt;/div&gt;

		&lt;div class="form-group required"&gt;
			&lt;label for="reg_screenname" class="control-label col-md-2 required"&gt;Screen Name&lt;/label&gt;
			&lt;div class="col-md-3"&gt;
				&lt;input type="text" class="form-control" id="reg_screenname" name="reg_screenname"  placeholder="Public Screen Name" required&gt;
			&lt;/div&gt;
		&lt;/div&gt;
		
		&lt;div class="form-group last-content-element"&gt;
			&lt;div class="col-md-offset-2 col-md-1"&gt;
				&lt;input class="btn btn-primary" name="submit" id="submit_button" value="Register" type="submit"&gt;
			&lt;/div&gt;
		&lt;/div&gt;
	&lt;/form&gt;			&lt;/section&gt;
		&lt;/div&gt; &lt;!-- main-content --&gt;
		&lt;div class="row"&gt;
			&lt;footer class="navbar-inverse page-footer"&gt;
				Powered by Ryhm√§ 2
			&lt;/footer&gt;
		&lt;/div&gt;
	&lt;/div&gt;
&lt;/body&gt;
&lt;/html&gt;
' contains "&lt;legend class="first-content-element"&gt;Register an Account".

/home/codio/workspace/r2projekti/application/tests/controllers/My_projekti_test.php:532
/home/codio/workspace/r2projekti/application/tests/phpunit.phar:545
</failure>
      </testcase>
      <testcase name="test_reviewlist_by_uri" class="My_projekti_test" file="/home/codio/workspace/r2projekti/application/tests/controllers/My_projekti_test.php" line="540" assertions="1" time="0.012729"/>
      <testcase name="test_commentlist_by_uri" class="My_projekti_test" file="/home/codio/workspace/r2projekti/application/tests/controllers/My_projekti_test.php" line="549" assertions="1" time="0.012602"/>
      <testcase name="test_comment_by_uri" class="My_projekti_test" file="/home/codio/workspace/r2projekti/application/tests/controllers/My_projekti_test.php" line="558" assertions="1" time="0.012687"/>
      <testcase name="test_collectionlist_by_uri" class="My_projekti_test" file="/home/codio/workspace/r2projekti/application/tests/controllers/My_projekti_test.php" line="567" assertions="1" time="0.012691"/>
      <testcase name="test_login_form_by_uri" class="My_projekti_test" file="/home/codio/workspace/r2projekti/application/tests/controllers/My_projekti_test.php" line="576" assertions="1" time="0.013616"/>
      <testcase name="test_review_posted_by_uri" class="My_projekti_test" file="/home/codio/workspace/r2projekti/application/tests/controllers/My_projekti_test.php" line="585" assertions="1" time="0.013984"/>
      <testcase name="test_writereview_by_uri" class="My_projekti_test" file="/home/codio/workspace/r2projekti/application/tests/controllers/My_projekti_test.php" line="594" assertions="1" time="0.013273"/>
    </testsuite>
    <testsuite name="Requests_test" file="/home/codio/workspace/r2projekti/application/tests/controllers/api/Requests_test.php" tests="1" assertions="2" failures="0" errors="0" time="0.028827">
      <testcase name="test_get_products_1" class="Requests_test" file="/home/codio/workspace/r2projekti/application/tests/controllers/api/Requests_test.php" line="58" assertions="2" time="0.028827"/>
    </testsuite>
    <testsuite name="R2pdbmodel_model_test" file="/home/codio/workspace/r2projekti/application/tests/models/R2pdb_model_test.php" tests="17" assertions="17" failures="4" errors="0" time="0.133042">
      <testcase name="test_validate_row_id_valid" class="R2pdbmodel_model_test" file="/home/codio/workspace/r2projekti/application/tests/models/R2pdb_model_test.php" line="128" assertions="1" time="0.009070"/>
      <testcase name="test_validate_row_id_unused" class="R2pdbmodel_model_test" file="/home/codio/workspace/r2projekti/application/tests/models/R2pdb_model_test.php" line="139" assertions="1" time="0.009072"/>
      <testcase name="test_validate_row_id_invalid" class="R2pdbmodel_model_test" file="/home/codio/workspace/r2projekti/application/tests/models/R2pdb_model_test.php" line="150" assertions="1" time="0.008210"/>
      <testcase name="test_validate_row_id_malformed" class="R2pdbmodel_model_test" file="/home/codio/workspace/r2projekti/application/tests/models/R2pdb_model_test.php" line="161" assertions="1" time="0.006465">
        <failure type="PHPUnit_Framework_ExpectationFailedException">R2pdbmodel_model_test::test_validate_row_id_malformed
Failed asserting that true matches expected false.

/home/codio/workspace/r2projekti/application/tests/models/R2pdb_model_test.php:166
/home/codio/workspace/r2projekti/application/tests/phpunit.phar:545
</failure>
      </testcase>
      <testcase name="test_validate_row_id_string" class="R2pdbmodel_model_test" file="/home/codio/workspace/r2projekti/application/tests/models/R2pdb_model_test.php" line="172" assertions="1" time="0.006042"/>
      <testcase name="test_validate_row_id_unassigned" class="R2pdbmodel_model_test" file="/home/codio/workspace/r2projekti/application/tests/models/R2pdb_model_test.php" line="183" assertions="1" time="0.006160"/>
      <testcase name="test_validate_row_id_NULL" class="R2pdbmodel_model_test" file="/home/codio/workspace/r2projekti/application/tests/models/R2pdb_model_test.php" line="194" assertions="1" time="0.005756"/>
      <testcase name="test_get_rows_by_field_display_swedish_products" class="R2pdbmodel_model_test" file="/home/codio/workspace/r2projekti/application/tests/models/R2pdb_model_test.php" line="210" assertions="1" time="0.007639"/>
      <testcase name="test_get_rows_by_field_display_valid" class="R2pdbmodel_model_test" file="/home/codio/workspace/r2projekti/application/tests/models/R2pdb_model_test.php" line="221" assertions="1" time="0.006840"/>
      <testcase name="test_get_rows_by_field_display_unused" class="R2pdbmodel_model_test" file="/home/codio/workspace/r2projekti/application/tests/models/R2pdb_model_test.php" line="232" assertions="1" time="0.006783"/>
      <testcase name="test_get_rows_by_field_display_invalid" class="R2pdbmodel_model_test" file="/home/codio/workspace/r2projekti/application/tests/models/R2pdb_model_test.php" line="243" assertions="1" time="0.007166"/>
      <testcase name="test_get_rows_by_field_display_malformed" class="R2pdbmodel_model_test" file="/home/codio/workspace/r2projekti/application/tests/models/R2pdb_model_test.php" line="254" assertions="1" time="0.010480">
        <failure type="PHPUnit_Framework_ExpectationFailedException">R2pdbmodel_model_test::test_get_rows_by_field_display_malformed
Array (...) does not match expected type "NULL".

/home/codio/workspace/r2projekti/application/tests/models/R2pdb_model_test.php:259
/home/codio/workspace/r2projekti/application/tests/phpunit.phar:545
</failure>
      </testcase>
      <testcase name="test_get_rows_by_field_display_string" class="R2pdbmodel_model_test" file="/home/codio/workspace/r2projekti/application/tests/models/R2pdb_model_test.php" line="265" assertions="1" time="0.009748">
        <failure type="PHPUnit_Framework_ExpectationFailedException">R2pdbmodel_model_test::test_get_rows_by_field_display_string
Array () does not match expected type "NULL".

/home/codio/workspace/r2projekti/application/tests/models/R2pdb_model_test.php:270
/home/codio/workspace/r2projekti/application/tests/phpunit.phar:545
</failure>
      </testcase>
      <testcase name="test_get_rows_by_field_display_unassigned" class="R2pdbmodel_model_test" file="/home/codio/workspace/r2projekti/application/tests/models/R2pdb_model_test.php" line="276" assertions="1" time="0.007336"/>
      <testcase name="test_get_rows_by_field_display_null" class="R2pdbmodel_model_test" file="/home/codio/workspace/r2projekti/application/tests/models/R2pdb_model_test.php" line="287" assertions="1" time="0.008622">
        <failure type="PHPUnit_Framework_ExpectationFailedException">R2pdbmodel_model_test::test_get_rows_by_field_display_null
Array () does not match expected type "NULL".

/home/codio/workspace/r2projekti/application/tests/models/R2pdb_model_test.php:292
/home/codio/workspace/r2projekti/application/tests/phpunit.phar:545
</failure>
      </testcase>
      <testcase name="test_get_collections" class="R2pdbmodel_model_test" file="/home/codio/workspace/r2projekti/application/tests/models/R2pdb_model_test.php" line="371" assertions="1" time="0.008504"/>
      <testcase name="test_get_empty_collection" class="R2pdbmodel_model_test" file="/home/codio/workspace/r2projekti/application/tests/models/R2pdb_model_test.php" line="381" assertions="1" time="0.009150"/>
    </testsuite>
  </testsuite>
</testsuites>
